<?xml version="1.0" encoding="UTF-8"?>
<!-- Generated by org.testng.reporters.JUnitReportReporter -->
<testsuite skipped="0" hostname="TODORCHEVSKAD" name="com.G.P.Google.Pipeline.GoogleTest" tests="1" failures="0" timestamp="03 Dec 2018 13:22:10 GMT" time="92.966" errors="0">
  <testcase name="google" time="92.966" classname="com.G.P.Google.Pipeline.GoogleTest"/>
</testsuite> <!-- com.G.P.Google.Pipeline.GoogleTest -->
