<?xml version="1.0" encoding="UTF-8"?>
<!-- Generated by org.testng.reporters.JUnitReportReporter -->
<testsuite skipped="0" hostname="TODORCHEVSKAD" name="com.Google.Pipeline.AddItemToCartTest" tests="1" failures="0" timestamp="04 Dec 2018 15:29:29 GMT" time="18.245" errors="0">
  <testcase name="google" time="18.245" classname="com.Google.Pipeline.AddItemToCartTest"/>
</testsuite> <!-- com.Google.Pipeline.AddItemToCartTest -->
