<?xml version="1.0" encoding="UTF-8"?>
<!-- Generated by org.testng.reporters.JUnitReportReporter -->
<testsuite skipped="0" hostname="TODORCHEVSKAD" name="com.Google.Pipeline.GoogleTest" tests="1" failures="0" timestamp="29 Oct 2018 14:26:09 GMT" time="7.077" errors="0">
  <testcase name="google" time="7.077" classname="com.Google.Pipeline.GoogleTest"/>
</testsuite> <!-- com.Google.Pipeline.GoogleTest -->
