<?xml version="1.0" encoding="UTF-8"?>
<!-- Generated by org.testng.reporters.JUnitReportReporter -->
<testsuite skipped="0" hostname="TODORCHEVSKAD" name="com.G.P.Google.Pipeline.AddItemToCartTest" tests="1" failures="0" timestamp="03 Dec 2018 13:38:34 GMT" time="32.046" errors="0">
  <testcase name="google" time="32.046" classname="com.G.P.Google.Pipeline.AddItemToCartTest"/>
</testsuite> <!-- com.G.P.Google.Pipeline.AddItemToCartTest -->
