<?xml version="1.0" encoding="UTF-8"?>
<!-- Generated by org.testng.reporters.JUnitReportReporter -->
<testsuite skipped="0" hostname="TODORCHEVSKAD" name="com.G.P.Google.Pipeline.GoogleTest" tests="1" failures="0" timestamp="29 Oct 2018 14:31:13 GMT" time="7.309" errors="0">
  <testcase name="google" time="7.309" classname="com.G.P.Google.Pipeline.GoogleTest"/>
</testsuite> <!-- com.G.P.Google.Pipeline.GoogleTest -->
