<?xml version="1.0" encoding="UTF-8"?>
<!-- Generated by org.testng.reporters.JUnitReportReporter -->
<testsuite skipped="0" hostname="TODORCHEVSKAD" name="com.G.P.Google.Pipeline.GoogleTest" tests="1" failures="0" timestamp="30 Oct 2018 10:11:51 GMT" time="11.243" errors="0">
  <testcase name="google" time="11.243" classname="com.G.P.Google.Pipeline.GoogleTest"/>
</testsuite> <!-- com.G.P.Google.Pipeline.GoogleTest -->
